<?xml version="1.0" encoding="UTF-8"?>
<!-- Generated by org.testng.reporters.JUnitReportReporter -->
<testsuite skipped="0" hostname="LAPTOP-FAAER399" name="testbase.TestBase" tests="3" failures="0" timestamp="19 Apr 2022 19:25:00 GMT" time="53.181" errors="0">
  <testcase name="Test3" time="11.842" classname="testbase.TestBase"/>
  <testcase name="Test2" time="26.122" classname="testbase.TestBase"/>
  <testcase name="Test1" time="15.217" classname="testbase.TestBase"/>
</testsuite> <!-- testbase.TestBase -->
